<?xml version="1.0" encoding="UTF-8"?>
<robot generator="Robot 7.0.1 (Python 3.12.5 on win32)" generated="2024-09-14T01:10:42.603341" rpa="false" schemaversion="5">
<suite id="s1" name="Debug Test Cases" source="d:\Projects\automation\topicus\demoqa-robot\tests\debug_test_cases.robot">
<test id="s1-t1" name="Verify that user can access Practice Form" line="6">
<kw name="Open Preactice Form page" owner="practiceFormPage">
<kw name="Open &quot;${PAGE_URL}&quot; page" owner="basePage" source_name="Open &quot;${PAGE_URL}&quot; page">
<kw name="Open Browser" owner="SeleniumLibrary">
<msg time="2024-09-14T01:10:43.537268" level="INFO">Opening browser 'Chrome' to base url 'https://demoqa.com/automation-practice-form'.</msg>
<arg>${BASE_URL}${PAGE_URL}</arg>
<arg>${BROWSER}</arg>
<doc>Opens a new browser instance to the optional ``url``.</doc>
<status status="PASS" start="2024-09-14T01:10:43.534125" elapsed="6.895730"/>
</kw>
<kw name="Maximize Browser Window" owner="SeleniumLibrary">
<doc>Maximizes current browser window.</doc>
<status status="PASS" start="2024-09-14T01:10:50.431850" elapsed="0.036905"/>
</kw>
<status status="PASS" start="2024-09-14T01:10:43.529139" elapsed="6.941609"/>
</kw>
<status status="PASS" start="2024-09-14T01:10:43.527144" elapsed="6.944867"/>
</kw>
<kw name="Select Picture" owner="practiceFormPage">
<kw name="Set Variable" owner="BuiltIn">
<msg time="2024-09-14T01:10:55.093878" level="INFO">${path} = d:\Projects\automation\topicus\demoqa-robot\resources\pages/../testData//Picture_1.png</msg>
<var>${path}</var>
<arg>${FILE_PATH_ELE}/${file_name}</arg>
<doc>Returns the given values which can then be assigned to a variables.</doc>
<status status="PASS" start="2024-09-14T01:10:55.091883" elapsed="0.001995"/>
</kw>
<kw name="Normalize Path" owner="utilities">
<msg time="2024-09-14T01:10:55.095155" level="WARN">Keyword 'Normalize Path' found both from a custom library 'utilities' and a standard library 'OperatingSystem'. The custom keyword is used. To select explicitly, and to get rid of this warning, use either 'utilities.Normalize Path' or 'OperatingSystem.Normalize Path'.</msg>
<msg time="2024-09-14T01:10:56.034830" level="INFO">${normalized_path} = d:\Projects\automation\topicus\demoqa-robot\resources\testData\Picture_1.png</msg>
<var>${normalized_path}</var>
<arg>${path}</arg>
<status status="PASS" start="2024-09-14T01:10:55.095155" elapsed="0.940671"/>
</kw>
<kw name="Choose File" owner="SeleniumLibrary">
<msg time="2024-09-14T01:11:01.208543" level="INFO">Sending d:\Projects\automation\topicus\demoqa-robot\resources\testData\Picture_1.png to browser.</msg>
<arg>css:#uploadPicture</arg>
<arg>${normalized_path}</arg>
<doc>Inputs the ``file_path`` into the file input field ``locator``.</doc>
<status status="PASS" start="2024-09-14T01:10:56.036414" elapsed="5.226328"/>
</kw>
<arg>Picture_1.png</arg>
<status status="PASS" start="2024-09-14T01:10:50.475733" elapsed="10.788179"/>
</kw>
<kw name="Log" owner="BuiltIn">
<msg time="2024-09-14T01:11:06.778574" level="INFO">wait for me check result</msg>
<arg>wait for me check result</arg>
<doc>Logs the given message with the given level.</doc>
<status status="PASS" start="2024-09-14T01:11:01.264737" elapsed="5.516835"/>
</kw>
<status status="PASS" start="2024-09-14T01:10:43.522157" elapsed="23.266434"/>
</test>
<status status="PASS" start="2024-09-14T01:10:42.619329" elapsed="24.180260"/>
</suite>
<statistics>
<total>
<stat pass="1" fail="0" skip="0">All Tests</stat>
</total>
<tag>
</tag>
<suite>
<stat pass="1" fail="0" skip="0" id="s1" name="Debug Test Cases">Debug Test Cases</stat>
</suite>
</statistics>
<errors>
<msg time="2024-09-14T01:10:55.095155" level="WARN">Keyword 'Normalize Path' found both from a custom library 'utilities' and a standard library 'OperatingSystem'. The custom keyword is used. To select explicitly, and to get rid of this warning, use either 'utilities.Normalize Path' or 'OperatingSystem.Normalize Path'.</msg>
</errors>
</robot>
